<?xml version="1.0" encoding="UTF-8"?>
<!-- Generated by org.testng.reporters.JUnitReportReporter -->
<testsuite hostname="sravankumarc" failures="0" tests="1" name="group.ProduceModu2Test" time="17.196" errors="0" timestamp="2023-02-15T14:53:49 IST" skipped="0">
  <testcase classname="group.ProduceModu2Test" name="product" time="17.196"/>
  <system-out/>
</testsuite> <!-- group.ProduceModu2Test -->
