<?xml version="1.0" encoding="UTF-8"?>
<!-- Generated by org.testng.reporters.JUnitReportReporter -->
<testsuite hostname="sravankumarc" failures="0" tests="1" name="parallel.ProductMo1Test" time="32.003" errors="0" timestamp="2023-02-15T15:01:07 IST" skipped="0">
  <testcase classname="parallel.ProductMo1Test" name="product" time="32.003"/>
  <system-out/>
</testsuite> <!-- parallel.ProductMo1Test -->
