<?xml version="1.0" encoding="UTF-8"?>
<!-- Generated by org.testng.reporters.JUnitReportReporter -->
<testsuite hostname="sravankumarc" failures="0" tests="1" name="usingPom.ProductModule2Test" time="23.951" errors="0" timestamp="15 Feb 2023 09:11:30 GMT" skipped="0">
  <testcase classname="usingPom.ProductModule2Test" name="productTest" time="23.951"/>
</testsuite> <!-- usingPom.ProductModule2Test -->
