<?xml version="1.0" encoding="UTF-8"?>
<!-- Generated by org.testng.reporters.JUnitReportReporter -->
<testsuite hostname="sravankumarc" failures="0" tests="1" name="usingBase.Product2Test" time="18.636" errors="0" timestamp="2023-02-15T17:27:11 IST" skipped="0">
  <testcase classname="usingBase.Product2Test" name="product" time="18.636"/>
  <system-out/>
</testsuite> <!-- usingBase.Product2Test -->
