<?xml version="1.0" encoding="UTF-8"?>
<!-- Generated by org.testng.reporters.JUnitReportReporter -->
<testsuite hostname="sravankumarc" failures="0" tests="1" name="crossBrowseParallel.Report" time="6.620" errors="0" timestamp="2023-02-15T16:33:57 IST" skipped="0">
  <testcase classname="crossBrowseParallel.Report" name="report" time="6.620"/>
  <system-out/>
</testsuite> <!-- crossBrowseParallel.Report -->
