<?xml version="1.0" encoding="UTF-8"?>
<!-- Generated by org.testng.reporters.JUnitReportReporter -->
<testsuite hostname="sravankumarc" failures="0" tests="2" name="crossBrowseParallel.CrossBro1Test" time="66.046" errors="0" timestamp="2023-02-15T15:30:18 IST" skipped="0">
  <testcase classname="crossBrowseParallel.CrossBro1Test" name="cross" time="29.323"/>
  <system-out/>
  <testcase classname="crossBrowseParallel.CrossBro1Test" name="cross" time="36.723"/>
  <system-out/>
</testsuite> <!-- crossBrowseParallel.CrossBro1Test -->
